<?xml version="1.0" encoding="UTF-8"?>
<!-- Generated by org.testng.reporters.JUnitXMLReporter -->
<testsuite ignored="0" hostname="Anmol-PC" failures="0" tests="7" name="Default test" time="16.887" errors="0" timestamp="2026-01-31T12:43:47 IST">
  <testcase classname="tests.ProductsTest" name="verifyProductsPageTest" time="1.453"/>
  <testcase classname="tests.ProductsTest" name="addProductToCartTest" time="0.909"/>
  <testcase classname="tests.ProductsTest" name="removeProductFromCartTest" time="1.019"/>
  <testcase classname="tests.OpenBrowserTest" name="validLoginTest" time="0.922"/>
  <testcase classname="tests.OpenBrowserTest" name="invalidPasswordTest" time="0.798"/>
  <testcase classname="tests.OpenBrowserTest" name="emptyUsernameTest" time="0.734"/>
  <testcase classname="tests.OpenBrowserTest" name="emptyPasswordTest" time="0.742"/>
</testsuite> <!-- Default test -->
