<?xml version="1.0" encoding="UTF-8"?>
<!-- Generated by org.testng.reporters.JUnitXMLReporter -->
<testsuite ignored="8" hostname="Anmol-PC" failures="0" tests="19" name="Regression Test Suite" time="51.929" errors="0" timestamp="2026-01-31T13:28:09 IST">
  <testcase classname="tests.LoginTests" name="emptyCredentialsTest" time="0.964"/>
  <testcase classname="tests.LoginTests" name="emptyPasswordTest" time="0.866"/>
  <testcase classname="tests.LoginTests" name="emptyUsernameTest" time="0.761"/>
  <testcase classname="tests.LoginTests" name="invalidPasswordTest" time="0.764"/>
  <testcase classname="tests.LoginTests" name="invalidUsernameTest" time="0.761"/>
  <testcase classname="tests.LoginTests" name="lockedUserTest" time="0.807"/>
  <testcase classname="tests.LoginTests" name="validLoginTest" time="0.893"/>
  <testcase classname="tests.ProductTests" name="addProductToCartTest" time="1.013"/>
  <testcase classname="tests.ProductTests" name="cartNavigationTest" time="0.994"/>
  <testcase classname="tests.ProductTests" name="productsPageDisplayedTest" time="0.864"/>
  <testcase classname="tests.ProductTests" name="removeProductFromCartTest" time="1.006"/>
  <testcase classname="tests.NavigationTests" name="aboutPageTest" time="5.587"/>
  <testcase classname="tests.NavigationTests" name="logoutTest" time="1.258"/>
  <testcase classname="tests.NavigationTests" name="navigationMenuOpensTest" time="0.887"/>
  <testcase classname="tests.FooterTests" name="footerLinksClickableTest" time="0.787"/>
  <testcase classname="tests.FilterTests" name="filterNameAToZTest" time="0.894"/>
  <testcase classname="tests.FilterTests" name="filterNameZToATest" time="0.879"/>
  <testcase classname="tests.FilterTests" name="filterPriceHighToLowTest" time="0.957"/>
  <testcase classname="tests.FilterTests" name="filterPriceLowToHighTest" time="0.954"/>
  <testcase classname="base.BaseTest" name="@BeforeSuite startReport" time="0.0">
    <ignored/>
  </testcase> <!-- @BeforeSuite startReport -->
  <testcase classname="base.BaseTest" name="@BeforeSuite startReport" time="0.0">
    <ignored/>
  </testcase> <!-- @BeforeSuite startReport -->
  <testcase classname="base.BaseTest" name="@AfterSuite endReport" time="0.0">
    <ignored/>
  </testcase> <!-- @AfterSuite endReport -->
  <testcase classname="base.BaseTest" name="@BeforeSuite startReport" time="0.0">
    <ignored/>
  </testcase> <!-- @BeforeSuite startReport -->
  <testcase classname="base.BaseTest" name="@BeforeSuite startReport" time="0.0">
    <ignored/>
  </testcase> <!-- @BeforeSuite startReport -->
  <testcase classname="base.BaseTest" name="@AfterSuite endReport" time="0.0">
    <ignored/>
  </testcase> <!-- @AfterSuite endReport -->
  <testcase classname="base.BaseTest" name="@AfterSuite endReport" time="0.0">
    <ignored/>
  </testcase> <!-- @AfterSuite endReport -->
  <testcase classname="base.BaseTest" name="@AfterSuite endReport" time="0.0">
    <ignored/>
  </testcase> <!-- @AfterSuite endReport -->
</testsuite> <!-- Regression Test Suite -->
