<?xml version="1.0" encoding="UTF-8"?>
<!-- Generated by org.testng.reporters.JUnitReportReporter -->
<testsuite hostname="Anmol-PC" failures="0" tests="7" name="tests.LoginTests" time="17.241" errors="0" timestamp="2026-01-31T13:28:09 IST" skipped="0">
  <testcase classname="tests.LoginTests" name="emptyPasswordTest" time="2.334"/>
  <testcase classname="tests.LoginTests" name="validLoginTest" time="2.363"/>
  <testcase classname="tests.LoginTests" name="invalidPasswordTest" time="2.234"/>
  <testcase classname="tests.LoginTests" name="emptyUsernameTest" time="2.231"/>
  <testcase classname="tests.LoginTests" name="emptyCredentialsTest" time="3.450"/>
  <testcase classname="tests.LoginTests" name="lockedUserTest" time="2.355"/>
  <testcase classname="tests.LoginTests" name="invalidUsernameTest" time="2.274"/>
</testsuite> <!-- tests.LoginTests -->
