<?xml version="1.0" encoding="UTF-8"?>
<!-- Generated by org.testng.reporters.JUnitReportReporter -->
<testsuite hostname="Anmol-PC" failures="0" tests="4" name="tests.FilterTests" time="9.963" errors="0" timestamp="2026-01-31T13:28:09 IST" skipped="0">
  <testcase classname="tests.FilterTests" name="filterPriceHighToLowTest" time="2.403"/>
  <testcase classname="tests.FilterTests" name="filterPriceLowToHighTest" time="2.880"/>
  <testcase classname="tests.FilterTests" name="filterNameZToATest" time="2.302"/>
  <testcase classname="tests.FilterTests" name="filterNameAToZTest" time="2.378"/>
</testsuite> <!-- tests.FilterTests -->
