<?xml version="1.0" encoding="UTF-8"?>
<!-- Generated by org.testng.reporters.JUnitReportReporter -->
<testsuite hostname="Anmol-PC" failures="0" tests="3" name="tests.ProductsTest" time="8.286" errors="0" timestamp="2026-01-31T12:43:47 IST" skipped="0">
  <testcase classname="tests.ProductsTest" name="verifyProductsPageTest" time="2.785"/>
  <testcase classname="tests.ProductsTest" name="addProductToCartTest" time="3.092"/>
  <testcase classname="tests.ProductsTest" name="removeProductFromCartTest" time="2.409"/>
</testsuite> <!-- tests.ProductsTest -->
