<?xml version="1.0" encoding="UTF-8"?>
<!-- Generated by org.testng.reporters.JUnitReportReporter -->
<testsuite hostname="Anmol-PC" failures="0" tests="4" name="tests.ProductTests" time="9.828" errors="0" timestamp="2026-01-31T13:28:09 IST" skipped="0">
  <testcase classname="tests.ProductTests" name="addProductToCartTest" time="2.527"/>
  <testcase classname="tests.ProductTests" name="removeProductFromCartTest" time="2.456"/>
  <testcase classname="tests.ProductTests" name="productsPageDisplayedTest" time="2.398"/>
  <testcase classname="tests.ProductTests" name="cartNavigationTest" time="2.447"/>
</testsuite> <!-- tests.ProductTests -->
