<?xml version="1.0" encoding="UTF-8"?>
<!-- Generated by org.testng.reporters.JUnitReportReporter -->
<testsuite hostname="Anmol-PC" failures="0" tests="3" name="tests.NavigationTests" time="12.563" errors="0" timestamp="2026-01-31T13:28:09 IST" skipped="0">
  <testcase classname="tests.NavigationTests" name="aboutPageTest" time="7.206"/>
  <testcase classname="tests.NavigationTests" name="logoutTest" time="2.813"/>
  <testcase classname="tests.NavigationTests" name="navigationMenuOpensTest" time="2.544"/>
</testsuite> <!-- tests.NavigationTests -->
