<?xml version="1.0" encoding="UTF-8"?>
<!-- Generated by org.testng.reporters.JUnitReportReporter -->
<testsuite hostname="Anmol-PC" failures="0" tests="4" name="tests.OpenBrowserTest" time="8.543" errors="0" timestamp="2026-01-31T12:43:47 IST" skipped="0">
  <testcase classname="tests.OpenBrowserTest" name="validLoginTest" time="2.255"/>
  <testcase classname="tests.OpenBrowserTest" name="invalidPasswordTest" time="2.138"/>
  <testcase classname="tests.OpenBrowserTest" name="emptyUsernameTest" time="2.057"/>
  <testcase classname="tests.OpenBrowserTest" name="emptyPasswordTest" time="2.093"/>
</testsuite> <!-- tests.OpenBrowserTest -->
